Copyright 1986-2022 Xilinx, Inc. All Rights Reserved.
-----------------------------------------------------------------------------------------------------------------------------------------------------------------
| Tool Version : Vivado v.2022.2 (win64) Build 3671981 Fri Oct 14 05:00:03 MDT 2022
| Date         : Fri Apr 25 12:12:17 2025
| Host         : Aditya running 64-bit major release  (build 9200)
| Command      : report_methodology -file top_level_methodology_drc_routed.rpt -pb top_level_methodology_drc_routed.pb -rpx top_level_methodology_drc_routed.rpx
| Design       : top_level
| Device       : xc7s50csga324-1
| Speed File   : -1
| Design State : Fully Routed
-----------------------------------------------------------------------------------------------------------------------------------------------------------------

Report Methodology

Table of Contents
-----------------
1. REPORT SUMMARY
2. REPORT DETAILS

1. REPORT SUMMARY
-----------------
            Netlist: netlist
          Floorplan: design_1
      Design limits: <entire design considered>
             Max violations: <unlimited>
             Violations found: 22
+-----------+------------------+----------------------------------------------------+------------+
| Rule      | Severity         | Description                                        | Violations |
+-----------+------------------+----------------------------------------------------+------------+
| TIMING-4  | Critical Warning | Invalid primary clock redefinition on a clock tree | 1          |
| TIMING-27 | Critical Warning | Invalid primary clock on hierarchical pin          | 1          |
| TIMING-18 | Warning          | Missing input or output delay                      | 20         |
+-----------+------------------+----------------------------------------------------+------------+

2. REPORT DETAILS
-----------------
TIMING-4#1 Critical Warning
Invalid primary clock redefinition on a clock tree  
Invalid clock redefinition on a clock tree. The primary clock clk_gen/inst/clk_in1 is defined downstream of clock clk_100MHz and overrides its insertion delay and/or waveform definition
Related violations: <none>

TIMING-27#1 Critical Warning
Invalid primary clock on hierarchical pin  
A primary clock clk_gen/inst/clk_in1 is created on an inappropriate internal pin clk_gen/inst/clk_in1. It is not recommended to create a primary clock on a hierarchical pin when its driver pin has a fanout connected to multiple clock pins
Related violations: <none>

TIMING-18#1 Warning
Missing input or output delay  
An input delay is missing on data[0] relative to clock(s) clk_100MHz
Related violations: <none>

TIMING-18#2 Warning
Missing input or output delay  
An input delay is missing on data[1] relative to clock(s) clk_100MHz
Related violations: <none>

TIMING-18#3 Warning
Missing input or output delay  
An input delay is missing on data[2] relative to clock(s) clk_100MHz
Related violations: <none>

TIMING-18#4 Warning
Missing input or output delay  
An input delay is missing on data[3] relative to clock(s) clk_100MHz
Related violations: <none>

TIMING-18#5 Warning
Missing input or output delay  
An input delay is missing on data[4] relative to clock(s) clk_100MHz
Related violations: <none>

TIMING-18#6 Warning
Missing input or output delay  
An input delay is missing on data[5] relative to clock(s) clk_100MHz
Related violations: <none>

TIMING-18#7 Warning
Missing input or output delay  
An input delay is missing on data[6] relative to clock(s) clk_100MHz
Related violations: <none>

TIMING-18#8 Warning
Missing input or output delay  
An input delay is missing on data[7] relative to clock(s) clk_100MHz
Related violations: <none>

TIMING-18#9 Warning
Missing input or output delay  
An output delay is missing on hex_grid[0] relative to clock(s) clk_100MHz
Related violations: <none>

TIMING-18#10 Warning
Missing input or output delay  
An output delay is missing on hex_grid[1] relative to clock(s) clk_100MHz
Related violations: <none>

TIMING-18#11 Warning
Missing input or output delay  
An output delay is missing on hex_grid[2] relative to clock(s) clk_100MHz
Related violations: <none>

TIMING-18#12 Warning
Missing input or output delay  
An output delay is missing on hex_grid[3] relative to clock(s) clk_100MHz
Related violations: <none>

TIMING-18#13 Warning
Missing input or output delay  
An output delay is missing on hex_seg[0] relative to clock(s) clk_100MHz
Related violations: <none>

TIMING-18#14 Warning
Missing input or output delay  
An output delay is missing on hex_seg[1] relative to clock(s) clk_100MHz
Related violations: <none>

TIMING-18#15 Warning
Missing input or output delay  
An output delay is missing on hex_seg[2] relative to clock(s) clk_100MHz
Related violations: <none>

TIMING-18#16 Warning
Missing input or output delay  
An output delay is missing on hex_seg[3] relative to clock(s) clk_100MHz
Related violations: <none>

TIMING-18#17 Warning
Missing input or output delay  
An output delay is missing on hex_seg[4] relative to clock(s) clk_100MHz
Related violations: <none>

TIMING-18#18 Warning
Missing input or output delay  
An output delay is missing on hex_seg[5] relative to clock(s) clk_100MHz
Related violations: <none>

TIMING-18#19 Warning
Missing input or output delay  
An output delay is missing on hex_seg[6] relative to clock(s) clk_100MHz
Related violations: <none>

TIMING-18#20 Warning
Missing input or output delay  
An output delay is missing on hex_seg[7] relative to clock(s) clk_100MHz
Related violations: <none>


